[2019-11-22 16:52:02.047] [exthost] [info] extension host started
[2019-11-22 16:52:02.127] [exthost] [info] ExtensionService#_doActivateExtension HookyQR.beautify {"startup":true,"activationEvent":"*"}
[2019-11-22 16:52:02.127] [exthost] [info] ExtensionService#loadCommonJSModule E:\Buj backup\JAVA & J2EE\Softwares\JSofts\Spring Boot tool\sts-4.3.2.RELEASE\plugins\pack.core.win_3.6.0.201910290238\HookyQR.beautify-1.4.11\extension
[2019-11-22 16:52:05.701] [exthost] [info] ExtensionService#_doActivateExtension christian-kohler.path-intellisense {"startup":true,"activationEvent":"*"}
[2019-11-22 16:52:05.701] [exthost] [info] ExtensionService#loadCommonJSModule E:\Buj backup\JAVA & J2EE\Softwares\JSofts\Spring Boot tool\sts-4.3.2.RELEASE\plugins\pack.core.win_3.6.0.201910290238\christian-kohler.path-intellisense-1.4.2\out\src\extension
[2019-11-22 16:52:06.424] [exthost] [info] ExtensionService#_doActivateExtension dbaeumer.vscode-eslint {"startup":true,"activationEvent":"*"}
[2019-11-22 16:52:06.424] [exthost] [info] ExtensionService#loadCommonJSModule E:\Buj backup\JAVA & J2EE\Softwares\JSofts\Spring Boot tool\sts-4.3.2.RELEASE\plugins\pack.core.win_3.6.0.201910290238\dbaeumer.vscode-eslint-1.9.0\client\out\extension
[2019-11-22 16:52:06.626] [exthost] [info] ExtensionService#_doActivateExtension vscode.debug-auto-launch {"startup":true,"activationEvent":"*"}
[2019-11-22 16:52:06.626] [exthost] [info] ExtensionService#loadCommonJSModule e:\Buj backup\JAVA & J2EE\Softwares\JSofts\Spring Boot tool\sts-4.3.2.RELEASE\plugins\com.genuitec.eclipse.code.engine.app.win32.x86_64_3.6.0.201910290238\engine\resources\app\extensions\debug-auto-launch\dist\extension
[2019-11-22 16:52:06.843] [exthost] [info] ExtensionService#_doActivateExtension vscode.emmet {"startup":true,"activationEvent":"*"}
[2019-11-22 16:52:06.843] [exthost] [info] ExtensionService#loadCommonJSModule e:\Buj backup\JAVA & J2EE\Softwares\JSofts\Spring Boot tool\sts-4.3.2.RELEASE\plugins\com.genuitec.eclipse.code.engine.app.win32.x86_64_3.6.0.201910290238\engine\resources\app\extensions\emmet\dist\extension
[2019-11-22 16:52:07.045] [exthost] [info] ExtensionService#_doActivateExtension formulahendry.auto-close-tag {"startup":true,"activationEvent":"*"}
[2019-11-22 16:52:07.045] [exthost] [info] ExtensionService#loadCommonJSModule E:\Buj backup\JAVA & J2EE\Softwares\JSofts\Spring Boot tool\sts-4.3.2.RELEASE\plugins\pack.core.win_3.6.0.201910290238\formulahendry.auto-close-tag-0.5.6\out\src\extension
[2019-11-22 16:52:07.090] [exthost] [info] ExtensionService#_doActivateExtension vscode.grunt {"startup":false,"activationEvent":"onCommand:workbench.action.tasks.runTask"}
[2019-11-22 16:52:07.090] [exthost] [info] ExtensionService#loadCommonJSModule e:\Buj backup\JAVA & J2EE\Softwares\JSofts\Spring Boot tool\sts-4.3.2.RELEASE\plugins\com.genuitec.eclipse.code.engine.app.win32.x86_64_3.6.0.201910290238\engine\resources\app\extensions\grunt\dist\main
[2019-11-22 16:52:07.266] [exthost] [info] ExtensionService#_doActivateExtension vscode.gulp {"startup":false,"activationEvent":"onCommand:workbench.action.tasks.runTask"}
[2019-11-22 16:52:07.266] [exthost] [info] ExtensionService#loadCommonJSModule e:\Buj backup\JAVA & J2EE\Softwares\JSofts\Spring Boot tool\sts-4.3.2.RELEASE\plugins\com.genuitec.eclipse.code.engine.app.win32.x86_64_3.6.0.201910290238\engine\resources\app\extensions\gulp\dist\main
[2019-11-22 16:52:07.351] [exthost] [info] ExtensionService#_doActivateExtension vscode.jake {"startup":false,"activationEvent":"onCommand:workbench.action.tasks.runTask"}
[2019-11-22 16:52:07.351] [exthost] [info] ExtensionService#loadCommonJSModule e:\Buj backup\JAVA & J2EE\Softwares\JSofts\Spring Boot tool\sts-4.3.2.RELEASE\plugins\com.genuitec.eclipse.code.engine.app.win32.x86_64_3.6.0.201910290238\engine\resources\app\extensions\jake\dist\main
[2019-11-22 16:52:08.407] [exthost] [info] ExtensionService#_doActivateExtension vscode.npm {"startup":false,"activationEvent":"onCommand:workbench.action.tasks.runTask"}
[2019-11-22 16:52:08.407] [exthost] [info] ExtensionService#loadCommonJSModule e:\Buj backup\JAVA & J2EE\Softwares\JSofts\Spring Boot tool\sts-4.3.2.RELEASE\plugins\com.genuitec.eclipse.code.engine.app.win32.x86_64_3.6.0.201910290238\engine\resources\app\extensions\npm\dist\main
[2019-11-22 16:52:08.675] [exthost] [info] ExtensionService#_doActivateExtension vscode.typescript-language-features {"startup":false,"activationEvent":"onCommand:workbench.action.tasks.runTask"}
[2019-11-22 16:52:08.675] [exthost] [info] ExtensionService#loadCommonJSModule e:\Buj backup\JAVA & J2EE\Softwares\JSofts\Spring Boot tool\sts-4.3.2.RELEASE\plugins\com.genuitec.eclipse.code.engine.app.win32.x86_64_3.6.0.201910290238\engine\resources\app\extensions\typescript-language-features\dist\extension
[2019-11-22 16:52:09.239] [exthost] [info] eager extensions activated
